<?xml version="1.0" encoding="UTF-8"?>
<!-- Generated by org.testng.reporters.JUnitReportReporter -->
<testsuite hostname="DESKTOP-58HEPQB" failures="0" tests="1" name="Test.Profile_Test" time="39.367" errors="0" timestamp="2024-04-05T13:37:21 IST" skipped="0">
  <testcase classname="Test.Profile_Test" name="DID" time="39.367"/>
  <system-out/>
</testsuite> <!-- Test.Profile_Test -->
